2024-10-25 14:16:28,095 - root - INFO - Menu command registered.
2024-10-25 14:16:28,095 - root - INFO - Displaying main menu.
2024-10-25 14:16:28,096 - root - INFO - Application started. Type 'exit' to exit.
2024-10-25 14:16:28,096 - root - INFO - Hello, World!
2024-10-25 14:16:28,096 - root - INFO - Executed command: greet
2024-10-25 14:16:28,096 - root - INFO - Displaying main menu.
2024-10-25 14:16:28,096 - root - INFO - Exiting application.
2024-10-25 14:16:28,096 - root - INFO - Application shutdown.
2024-10-25 14:16:28,098 - root - INFO - Adding 5.0 and 3.0: Result = 8.0
2024-10-25 14:16:28,107 - root - INFO - Dividing 6.0 by 3.0: Result = 2.0
2024-10-25 14:16:28,111 - root - INFO - Multiplying 5.0 and 3.0: Result = 15.0
2024-10-25 14:16:28,116 - root - INFO - Subtracting 3.0 from 5.0: Result = 2.0
2024-10-25 14:16:28,122 - root - INFO - Logging configured.
2024-10-25 14:16:28,122 - root - INFO - Environment variables loaded.
2024-10-25 14:16:28,123 - root - INFO - Registered operation: add as Add with index 1
2024-10-25 14:16:28,123 - root - INFO - Registered operation: divide as Divide with index 2
2024-10-25 14:16:28,123 - root - INFO - Registered operation: history_commands as ClearHistory with index 3
2024-10-25 14:16:28,123 - root - INFO - Registered operation: history_commands as DeleteSpecificRecord with index 4
2024-10-25 14:16:28,123 - root - INFO - Registered operation: history_commands as ShowHistory with index 5
2024-10-25 14:16:28,123 - root - INFO - Registered operation: multiply as Multiply with index 6
2024-10-25 14:16:28,123 - root - INFO - Registered operation: subtract as Subtract with index 7
2024-10-25 14:16:28,123 - root - INFO - Loaded operations: ['1', '2', '3', '4', '5', '6', '7']
2024-10-25 14:16:28,123 - root - INFO - Calculator operations initialized with 7 operations.
2024-10-25 14:16:28,123 - root - INFO - Command 'calculator' from plugin 'calculator' registered.
2024-10-25 14:16:28,123 - root - INFO - Command 'exit' from plugin 'exit' registered.
2024-10-25 14:16:28,123 - root - INFO - Command 'greet' from plugin 'greet' registered.
2024-10-25 14:16:28,123 - root - INFO - Menu command registered.
2024-10-25 14:16:28,124 - root - INFO - Displaying main menu.
2024-10-25 14:16:28,124 - root - INFO - Application started. Type 'exit' to exit.
2024-10-25 14:16:28,124 - root - INFO - Hello, World!
2024-10-25 14:16:28,124 - root - INFO - Executed command: greet
2024-10-25 14:16:28,124 - root - INFO - Displaying main menu.
2024-10-25 14:16:28,124 - root - INFO - Exiting application.
2024-10-25 14:16:28,124 - root - INFO - Application shutdown.
2024-10-25 14:16:28,127 - root - INFO - Logging configured.
2024-10-25 14:16:28,127 - root - INFO - Environment variables loaded.
2024-10-25 14:16:28,127 - root - INFO - Registered operation: add as Add with index 1
2024-10-25 14:16:28,127 - root - INFO - Registered operation: divide as Divide with index 2
2024-10-25 14:16:28,127 - root - INFO - Registered operation: history_commands as ClearHistory with index 3
2024-10-25 14:16:28,127 - root - INFO - Registered operation: history_commands as DeleteSpecificRecord with index 4
2024-10-25 14:16:28,128 - root - INFO - Registered operation: history_commands as ShowHistory with index 5
2024-10-25 14:16:28,128 - root - INFO - Registered operation: multiply as Multiply with index 6
2024-10-25 14:16:28,128 - root - INFO - Registered operation: subtract as Subtract with index 7
2024-10-25 14:16:28,128 - root - INFO - Loaded operations: ['1', '2', '3', '4', '5', '6', '7']
2024-10-25 14:16:28,128 - root - INFO - Calculator operations initialized with 7 operations.
2024-10-25 14:16:28,128 - root - INFO - Command 'calculator' from plugin 'calculator' registered.
2024-10-25 14:16:28,128 - root - INFO - Command 'exit' from plugin 'exit' registered.
2024-10-25 14:16:28,128 - root - INFO - Command 'greet' from plugin 'greet' registered.
2024-10-25 14:16:28,128 - root - INFO - Menu command registered.
2024-10-25 14:16:28,128 - root - INFO - Displaying main menu.
2024-10-25 14:16:28,128 - root - INFO - Application started. Type 'exit' to exit.
2024-10-25 14:16:28,128 - root - ERROR - Non-numeric input received.
2024-10-25 14:16:28,128 - root - INFO - Exiting application.
2024-10-25 14:16:28,129 - root - INFO - Application shutdown.
2024-10-25 14:16:28,131 - root - INFO - Calculator operations initialized with 2 operations.
2024-10-25 14:16:28,133 - root - INFO - Exiting calculator menu.
2024-10-25 14:16:28,136 - root - INFO - Registered operation: add as Add with index 1
2024-10-25 14:16:28,137 - root - INFO - Registered operation: divide as Divide with index 2
2024-10-25 14:16:28,137 - root - INFO - Registered operation: history_commands as ClearHistory with index 3
2024-10-25 14:16:28,138 - root - INFO - Registered operation: history_commands as DeleteSpecificRecord with index 4
2024-10-25 14:16:28,138 - root - INFO - Registered operation: history_commands as ShowHistory with index 5
2024-10-25 14:16:28,138 - root - INFO - Registered operation: multiply as Multiply with index 6
2024-10-25 14:16:28,139 - root - INFO - Registered operation: subtract as Subtract with index 7
2024-10-25 14:16:28,139 - root - INFO - Loaded operations: ['1', '2', '3', '4', '5', '6', '7']
2024-10-25 14:16:28,140 - root - INFO - Calculator operations initialized with 7 operations.
2024-10-25 14:16:28,140 - root - INFO - Executing operation: Add
2024-10-25 14:16:28,141 - root - INFO - Adding 2.0 and 3.0: Result = 5.0
2024-10-25 14:16:28,144 - root - INFO - Exiting calculator menu.
2024-10-25 14:16:28,147 - root - INFO - User selected to exit the program.
2024-10-25 14:16:28,148 - root - INFO - User selected command: help
2024-10-25 14:16:28,151 - root - WARNING - Invalid selection: 999 is out of range.
2024-10-25 14:16:28,156 - root - INFO - Hello, World!
2024-10-25 14:16:31,341 - root - INFO - Logging configured.
2024-10-25 14:16:31,342 - root - INFO - Environment variables loaded.
2024-10-25 14:16:31,343 - root - INFO - Registered operation: add as Add with index 1
2024-10-25 14:16:31,343 - root - INFO - Registered operation: divide as Divide with index 2
2024-10-25 14:16:31,343 - root - INFO - Registered operation: history_commands as ClearHistory with index 3
2024-10-25 14:16:31,343 - root - INFO - Registered operation: history_commands as DeleteSpecificRecord with index 4
2024-10-25 14:16:31,343 - root - INFO - Registered operation: history_commands as ShowHistory with index 5
2024-10-25 14:16:31,343 - root - INFO - Registered operation: multiply as Multiply with index 6
2024-10-25 14:16:31,343 - root - INFO - Registered operation: subtract as Subtract with index 7
2024-10-25 14:16:31,343 - root - INFO - Loaded operations: ['1', '2', '3', '4', '5', '6', '7']
2024-10-25 14:16:31,343 - root - INFO - Calculator operations initialized with 7 operations.
2024-10-25 14:16:31,343 - root - INFO - Command 'calculator' from plugin 'calculator' registered.
2024-10-25 14:16:31,343 - root - INFO - Command 'exit' from plugin 'exit' registered.
2024-10-25 14:16:31,343 - root - INFO - Command 'greet' from plugin 'greet' registered.
2024-10-25 14:16:31,344 - root - INFO - Menu command registered.
2024-10-25 14:16:31,344 - root - INFO - Displaying main menu.
2024-10-25 14:16:31,344 - root - INFO - Application started. Type 'exit' to exit.
2024-10-25 14:16:31,344 - root - ERROR - Non-numeric input received.
2024-10-25 14:16:31,344 - root - INFO - Exiting application.
2024-10-25 14:16:31,344 - root - INFO - Application shutdown.
2024-10-25 14:16:31,348 - root - INFO - Logging configured.
2024-10-25 14:16:31,348 - root - INFO - Environment variables loaded.
2024-10-25 14:16:31,349 - root - INFO - Registered operation: add as Add with index 1
2024-10-25 14:16:31,349 - root - INFO - Registered operation: divide as Divide with index 2
2024-10-25 14:16:31,349 - root - INFO - Registered operation: history_commands as ClearHistory with index 3
2024-10-25 14:16:31,349 - root - INFO - Registered operation: history_commands as DeleteSpecificRecord with index 4
2024-10-25 14:16:31,349 - root - INFO - Registered operation: history_commands as ShowHistory with index 5
2024-10-25 14:16:31,349 - root - INFO - Registered operation: multiply as Multiply with index 6
2024-10-25 14:16:31,349 - root - INFO - Registered operation: subtract as Subtract with index 7
2024-10-25 14:16:31,349 - root - INFO - Loaded operations: ['1', '2', '3', '4', '5', '6', '7']
2024-10-25 14:16:31,349 - root - INFO - Calculator operations initialized with 7 operations.
2024-10-25 14:16:31,350 - root - INFO - Command 'calculator' from plugin 'calculator' registered.
2024-10-25 14:16:31,350 - root - INFO - Command 'exit' from plugin 'exit' registered.
2024-10-25 14:16:31,350 - root - INFO - Command 'greet' from plugin 'greet' registered.
2024-10-25 14:16:31,350 - root - INFO - Menu command registered.
2024-10-25 14:16:31,350 - root - INFO - Displaying main menu.
2024-10-25 14:16:31,350 - root - INFO - Application started. Type 'exit' to exit.
2024-10-25 14:16:31,350 - root - INFO - Exiting application.
2024-10-25 14:16:31,350 - root - INFO - Application shutdown.
2024-10-25 14:16:31,353 - root - INFO - Logging configured.
2024-10-25 14:16:31,353 - root - INFO - Environment variables loaded.
2024-10-25 14:16:31,356 - root - INFO - Logging configured.
2024-10-25 14:16:31,356 - root - INFO - Environment variables loaded.
2024-10-25 14:16:31,357 - root - INFO - Registered operation: add as Add with index 1
2024-10-25 14:16:31,357 - root - INFO - Registered operation: divide as Divide with index 2
2024-10-25 14:16:31,357 - root - INFO - Registered operation: history_commands as ClearHistory with index 3
2024-10-25 14:16:31,357 - root - INFO - Registered operation: history_commands as DeleteSpecificRecord with index 4
2024-10-25 14:16:31,357 - root - INFO - Registered operation: history_commands as ShowHistory with index 5
2024-10-25 14:16:31,357 - root - INFO - Registered operation: multiply as Multiply with index 6
2024-10-25 14:16:31,357 - root - INFO - Registered operation: subtract as Subtract with index 7
2024-10-25 14:16:31,358 - root - INFO - Loaded operations: ['1', '2', '3', '4', '5', '6', '7']
2024-10-25 14:16:31,358 - root - INFO - Calculator operations initialized with 7 operations.
2024-10-25 14:16:31,358 - root - INFO - Command 'calculator' from plugin 'calculator' registered.
2024-10-25 14:16:31,358 - root - INFO - Command 'exit' from plugin 'exit' registered.
2024-10-25 14:16:31,358 - root - INFO - Command 'greet' from plugin 'greet' registered.
2024-10-25 14:16:31,358 - root - INFO - Menu command registered.
2024-10-25 14:16:31,358 - root - INFO - Displaying main menu.
2024-10-25 14:16:31,358 - root - INFO - Application started. Type 'exit' to exit.
2024-10-25 14:16:31,358 - root - INFO - Hello, World!
2024-10-25 14:16:31,359 - root - INFO - Executed command: greet
2024-10-25 14:16:31,359 - root - INFO - Displaying main menu.
2024-10-25 14:16:31,359 - root - INFO - Exiting application.
2024-10-25 14:16:31,359 - root - INFO - Application shutdown.
2024-10-25 14:16:31,362 - root - INFO - Adding 5.0 and 3.0: Result = 8.0
2024-10-25 14:16:31,376 - root - INFO - Dividing 6.0 by 3.0: Result = 2.0
2024-10-25 14:16:31,382 - root - INFO - Multiplying 5.0 and 3.0: Result = 15.0
2024-10-25 14:16:31,388 - root - INFO - Subtracting 3.0 from 5.0: Result = 2.0
2024-10-25 14:16:31,395 - root - INFO - Logging configured.
2024-10-25 14:16:31,395 - root - INFO - Environment variables loaded.
2024-10-25 14:16:31,396 - root - INFO - Registered operation: add as Add with index 1
2024-10-25 14:16:31,396 - root - INFO - Registered operation: divide as Divide with index 2
2024-10-25 14:16:31,396 - root - INFO - Registered operation: history_commands as ClearHistory with index 3
2024-10-25 14:16:31,396 - root - INFO - Registered operation: history_commands as DeleteSpecificRecord with index 4
2024-10-25 14:16:31,396 - root - INFO - Registered operation: history_commands as ShowHistory with index 5
2024-10-25 14:16:31,396 - root - INFO - Registered operation: multiply as Multiply with index 6
2024-10-25 14:16:31,396 - root - INFO - Registered operation: subtract as Subtract with index 7
2024-10-25 14:16:31,396 - root - INFO - Loaded operations: ['1', '2', '3', '4', '5', '6', '7']
2024-10-25 14:16:31,396 - root - INFO - Calculator operations initialized with 7 operations.
2024-10-25 14:16:31,396 - root - INFO - Command 'calculator' from plugin 'calculator' registered.
2024-10-25 14:16:31,396 - root - INFO - Command 'exit' from plugin 'exit' registered.
2024-10-25 14:16:31,397 - root - INFO - Command 'greet' from plugin 'greet' registered.
2024-10-25 14:16:31,397 - root - INFO - Menu command registered.
2024-10-25 14:16:31,397 - root - INFO - Displaying main menu.
2024-10-25 14:16:31,397 - root - INFO - Application started. Type 'exit' to exit.
2024-10-25 14:16:31,397 - root - INFO - Hello, World!
2024-10-25 14:16:31,397 - root - INFO - Executed command: greet
2024-10-25 14:16:31,397 - root - INFO - Displaying main menu.
2024-10-25 14:16:31,397 - root - INFO - Exiting application.
2024-10-25 14:16:31,397 - root - INFO - Application shutdown.
2024-10-25 14:16:31,402 - root - INFO - Logging configured.
2024-10-25 14:16:31,402 - root - INFO - Environment variables loaded.
2024-10-25 14:16:31,403 - root - INFO - Registered operation: add as Add with index 1
2024-10-25 14:16:31,403 - root - INFO - Registered operation: divide as Divide with index 2
2024-10-25 14:16:31,403 - root - INFO - Registered operation: history_commands as ClearHistory with index 3
2024-10-25 14:16:31,403 - root - INFO - Registered operation: history_commands as DeleteSpecificRecord with index 4
2024-10-25 14:16:31,403 - root - INFO - Registered operation: history_commands as ShowHistory with index 5
2024-10-25 14:16:31,403 - root - INFO - Registered operation: multiply as Multiply with index 6
2024-10-25 14:16:31,403 - root - INFO - Registered operation: subtract as Subtract with index 7
2024-10-25 14:16:31,403 - root - INFO - Loaded operations: ['1', '2', '3', '4', '5', '6', '7']
2024-10-25 14:16:31,403 - root - INFO - Calculator operations initialized with 7 operations.
2024-10-25 14:16:31,403 - root - INFO - Command 'calculator' from plugin 'calculator' registered.
2024-10-25 14:16:31,404 - root - INFO - Command 'exit' from plugin 'exit' registered.
2024-10-25 14:16:31,404 - root - INFO - Command 'greet' from plugin 'greet' registered.
2024-10-25 14:16:31,404 - root - INFO - Menu command registered.
2024-10-25 14:16:31,404 - root - INFO - Displaying main menu.
2024-10-25 14:16:31,404 - root - INFO - Application started. Type 'exit' to exit.
2024-10-25 14:16:31,404 - root - ERROR - Non-numeric input received.
2024-10-25 14:16:31,404 - root - INFO - Exiting application.
2024-10-25 14:16:31,404 - root - INFO - Application shutdown.
2024-10-25 14:16:31,407 - root - INFO - Calculator operations initialized with 2 operations.
2024-10-25 14:16:31,408 - root - INFO - Exiting calculator menu.
2024-10-25 14:16:31,413 - root - INFO - Registered operation: add as Add with index 1
2024-10-25 14:16:31,414 - root - INFO - Registered operation: divide as Divide with index 2
2024-10-25 14:16:31,415 - root - INFO - Registered operation: history_commands as ClearHistory with index 3
2024-10-25 14:16:31,415 - root - INFO - Registered operation: history_commands as DeleteSpecificRecord with index 4
2024-10-25 14:16:31,416 - root - INFO - Registered operation: history_commands as ShowHistory with index 5
2024-10-25 14:16:31,417 - root - INFO - Registered operation: multiply as Multiply with index 6
2024-10-25 14:16:31,417 - root - INFO - Registered operation: subtract as Subtract with index 7
2024-10-25 14:16:31,418 - root - INFO - Loaded operations: ['1', '2', '3', '4', '5', '6', '7']
2024-10-25 14:16:31,419 - root - INFO - Calculator operations initialized with 7 operations.
2024-10-25 14:16:31,419 - root - INFO - Executing operation: Add
2024-10-25 14:16:31,420 - root - INFO - Adding 2.0 and 3.0: Result = 5.0
2024-10-25 14:16:31,424 - root - INFO - Exiting calculator menu.
2024-10-25 14:16:31,429 - root - INFO - User selected to exit the program.
2024-10-25 14:16:31,430 - root - INFO - User selected command: help
2024-10-25 14:16:31,433 - root - WARNING - Invalid selection: 999 is out of range.
2024-10-25 14:16:31,440 - root - INFO - Hello, World!
2024-10-25 14:16:34,417 - root - INFO - Logging configured.
2024-10-25 14:16:34,417 - root - INFO - Environment variables loaded.
2024-10-25 14:16:34,418 - root - INFO - Registered operation: add as Add with index 1
2024-10-25 14:16:34,418 - root - INFO - Registered operation: divide as Divide with index 2
2024-10-25 14:16:34,418 - root - INFO - Registered operation: history_commands as ClearHistory with index 3
2024-10-25 14:16:34,418 - root - INFO - Registered operation: history_commands as DeleteSpecificRecord with index 4
2024-10-25 14:16:34,418 - root - INFO - Registered operation: history_commands as ShowHistory with index 5
2024-10-25 14:16:34,418 - root - INFO - Registered operation: multiply as Multiply with index 6
2024-10-25 14:16:34,418 - root - INFO - Registered operation: subtract as Subtract with index 7
2024-10-25 14:16:34,418 - root - INFO - Loaded operations: ['1', '2', '3', '4', '5', '6', '7']
2024-10-25 14:16:34,418 - root - INFO - Calculator operations initialized with 7 operations.
2024-10-25 14:16:34,418 - root - INFO - Command 'calculator' from plugin 'calculator' registered.
2024-10-25 14:16:34,419 - root - INFO - Command 'exit' from plugin 'exit' registered.
2024-10-25 14:16:34,419 - root - INFO - Command 'greet' from plugin 'greet' registered.
2024-10-25 14:16:34,419 - root - INFO - Menu command registered.
2024-10-25 14:16:34,419 - root - INFO - Displaying main menu.
2024-10-25 14:16:34,419 - root - INFO - Application started. Type 'exit' to exit.
2024-10-25 17:49:08,408 - root - INFO - Logging configured.
2024-10-25 17:49:08,409 - root - INFO - Environment variables loaded.
2024-10-25 17:49:08,410 - root - INFO - Registered operation: add as Add with index 1
2024-10-25 17:49:08,410 - root - INFO - Registered operation: divide as Divide with index 2
2024-10-25 17:49:08,410 - root - INFO - Registered operation: history_commands as ClearHistory with index 3
2024-10-25 17:49:08,410 - root - INFO - Registered operation: history_commands as DeleteSpecificRecord with index 4
2024-10-25 17:49:08,410 - root - INFO - Registered operation: history_commands as ShowHistory with index 5
2024-10-25 17:49:08,410 - root - INFO - Registered operation: multiply as Multiply with index 6
2024-10-25 17:49:08,410 - root - INFO - Registered operation: subtract as Subtract with index 7
2024-10-25 17:49:08,410 - root - INFO - Loaded operations: ['1', '2', '3', '4', '5', '6', '7']
2024-10-25 17:49:08,411 - root - INFO - Calculator operations initialized with 7 operations.
2024-10-25 17:49:08,411 - root - INFO - Command 'calculator' from plugin 'calculator' registered.
2024-10-25 17:49:08,411 - root - INFO - Command 'exit' from plugin 'exit' registered.
2024-10-25 17:49:08,411 - root - INFO - Command 'greet' from plugin 'greet' registered.
2024-10-25 17:49:08,411 - root - INFO - Menu command registered.
2024-10-25 17:49:08,411 - root - INFO - Displaying main menu.
2024-10-25 17:49:08,412 - root - INFO - Application started. Type 'exit' to exit.
2024-10-25 17:49:08,412 - root - ERROR - Non-numeric input received.
2024-10-25 17:49:08,412 - root - INFO - Exiting application.
2024-10-25 17:49:08,412 - root - INFO - Application shutdown.
2024-10-25 17:49:08,417 - root - INFO - Logging configured.
2024-10-25 17:49:08,417 - root - INFO - Environment variables loaded.
2024-10-25 17:49:08,418 - root - INFO - Registered operation: add as Add with index 1
2024-10-25 17:49:08,418 - root - INFO - Registered operation: divide as Divide with index 2
2024-10-25 17:49:08,418 - root - INFO - Registered operation: history_commands as ClearHistory with index 3
2024-10-25 17:49:08,418 - root - INFO - Registered operation: history_commands as DeleteSpecificRecord with index 4
2024-10-25 17:49:08,419 - root - INFO - Registered operation: history_commands as ShowHistory with index 5
2024-10-25 17:49:08,419 - root - INFO - Registered operation: multiply as Multiply with index 6
2024-10-25 17:49:08,419 - root - INFO - Registered operation: subtract as Subtract with index 7
2024-10-25 17:49:08,419 - root - INFO - Loaded operations: ['1', '2', '3', '4', '5', '6', '7']
2024-10-25 17:49:08,419 - root - INFO - Calculator operations initialized with 7 operations.
2024-10-25 17:49:08,419 - root - INFO - Command 'calculator' from plugin 'calculator' registered.
2024-10-25 17:49:08,420 - root - INFO - Command 'exit' from plugin 'exit' registered.
2024-10-25 17:49:08,420 - root - INFO - Command 'greet' from plugin 'greet' registered.
2024-10-25 17:49:08,420 - root - INFO - Menu command registered.
2024-10-25 17:49:08,420 - root - INFO - Displaying main menu.
2024-10-25 17:49:08,421 - root - INFO - Application started. Type 'exit' to exit.
2024-10-25 17:49:08,421 - root - INFO - Exiting application.
2024-10-25 17:49:08,421 - root - INFO - Application shutdown.
2024-10-25 17:49:08,425 - root - INFO - Logging configured.
2024-10-25 17:49:08,425 - root - INFO - Environment variables loaded.
2024-10-25 17:49:08,429 - root - INFO - Logging configured.
2024-10-25 17:49:08,429 - root - INFO - Environment variables loaded.
2024-10-25 17:49:08,430 - root - INFO - Registered operation: add as Add with index 1
2024-10-25 17:49:08,430 - root - INFO - Registered operation: divide as Divide with index 2
2024-10-25 17:49:08,430 - root - INFO - Registered operation: history_commands as ClearHistory with index 3
2024-10-25 17:49:08,430 - root - INFO - Registered operation: history_commands as DeleteSpecificRecord with index 4
2024-10-25 17:49:08,430 - root - INFO - Registered operation: history_commands as ShowHistory with index 5
2024-10-25 17:49:08,430 - root - INFO - Registered operation: multiply as Multiply with index 6
2024-10-25 17:49:08,430 - root - INFO - Registered operation: subtract as Subtract with index 7
2024-10-25 17:49:08,430 - root - INFO - Loaded operations: ['1', '2', '3', '4', '5', '6', '7']
2024-10-25 17:49:08,431 - root - INFO - Calculator operations initialized with 7 operations.
2024-10-25 17:49:08,431 - root - INFO - Command 'calculator' from plugin 'calculator' registered.
2024-10-25 17:49:08,431 - root - INFO - Command 'exit' from plugin 'exit' registered.
2024-10-25 17:49:08,431 - root - INFO - Command 'greet' from plugin 'greet' registered.
2024-10-25 17:49:08,431 - root - INFO - Menu command registered.
2024-10-25 17:49:08,431 - root - INFO - Displaying main menu.
2024-10-25 17:49:08,431 - root - INFO - Application started. Type 'exit' to exit.
2024-10-25 17:49:08,431 - root - INFO - Hello, World!
2024-10-25 17:49:08,432 - root - INFO - Executed command: greet
2024-10-25 17:49:08,432 - root - INFO - Displaying main menu.
2024-10-25 17:49:08,432 - root - INFO - Exiting application.
2024-10-25 17:49:08,432 - root - INFO - Application shutdown.
2024-10-25 17:49:08,435 - root - INFO - Adding 5.0 and 3.0: Result = 8.0
2024-10-25 17:49:08,479 - root - INFO - Dividing 6.0 by 3.0: Result = 2.0
2024-10-25 17:49:08,488 - root - INFO - Multiplying 5.0 and 3.0: Result = 15.0
2024-10-25 17:49:08,528 - root - INFO - Subtracting 3.0 from 5.0: Result = 2.0
2024-10-25 17:49:08,540 - root - INFO - Logging configured.
2024-10-25 17:49:08,540 - root - INFO - Environment variables loaded.
2024-10-25 17:49:08,541 - root - INFO - Registered operation: add as Add with index 1
2024-10-25 17:49:08,542 - root - INFO - Registered operation: divide as Divide with index 2
2024-10-25 17:49:08,542 - root - INFO - Registered operation: history_commands as ClearHistory with index 3
2024-10-25 17:49:08,542 - root - INFO - Registered operation: history_commands as DeleteSpecificRecord with index 4
2024-10-25 17:49:08,542 - root - INFO - Registered operation: history_commands as ShowHistory with index 5
2024-10-25 17:49:08,542 - root - INFO - Registered operation: multiply as Multiply with index 6
2024-10-25 17:49:08,542 - root - INFO - Registered operation: subtract as Subtract with index 7
2024-10-25 17:49:08,543 - root - INFO - Loaded operations: ['1', '2', '3', '4', '5', '6', '7']
2024-10-25 17:49:08,543 - root - INFO - Calculator operations initialized with 7 operations.
2024-10-25 17:49:08,543 - root - INFO - Command 'calculator' from plugin 'calculator' registered.
2024-10-25 17:49:08,543 - root - INFO - Command 'exit' from plugin 'exit' registered.
2024-10-25 17:49:08,543 - root - INFO - Command 'greet' from plugin 'greet' registered.
2024-10-25 17:49:08,543 - root - INFO - Menu command registered.
2024-10-25 17:49:08,543 - root - INFO - Displaying main menu.
2024-10-25 17:49:08,544 - root - INFO - Application started. Type 'exit' to exit.
2024-10-25 17:49:08,544 - root - INFO - Hello, World!
2024-10-25 17:49:08,544 - root - INFO - Executed command: greet
2024-10-25 17:49:08,544 - root - INFO - Displaying main menu.
2024-10-25 17:49:08,544 - root - INFO - Exiting application.
2024-10-25 17:49:08,544 - root - INFO - Application shutdown.
2024-10-25 17:49:08,551 - root - INFO - Logging configured.
2024-10-25 17:49:08,552 - root - INFO - Environment variables loaded.
2024-10-25 17:49:08,552 - root - INFO - Registered operation: add as Add with index 1
2024-10-25 17:49:08,552 - root - INFO - Registered operation: divide as Divide with index 2
2024-10-25 17:49:08,553 - root - INFO - Registered operation: history_commands as ClearHistory with index 3
2024-10-25 17:49:08,553 - root - INFO - Registered operation: history_commands as DeleteSpecificRecord with index 4
2024-10-25 17:49:08,553 - root - INFO - Registered operation: history_commands as ShowHistory with index 5
2024-10-25 17:49:08,553 - root - INFO - Registered operation: multiply as Multiply with index 6
2024-10-25 17:49:08,553 - root - INFO - Registered operation: subtract as Subtract with index 7
2024-10-25 17:49:08,553 - root - INFO - Loaded operations: ['1', '2', '3', '4', '5', '6', '7']
2024-10-25 17:49:08,553 - root - INFO - Calculator operations initialized with 7 operations.
2024-10-25 17:49:08,553 - root - INFO - Command 'calculator' from plugin 'calculator' registered.
2024-10-25 17:49:08,554 - root - INFO - Command 'exit' from plugin 'exit' registered.
2024-10-25 17:49:08,554 - root - INFO - Command 'greet' from plugin 'greet' registered.
2024-10-25 17:49:08,554 - root - INFO - Menu command registered.
2024-10-25 17:49:08,554 - root - INFO - Displaying main menu.
2024-10-25 17:49:08,554 - root - INFO - Application started. Type 'exit' to exit.
2024-10-25 17:49:08,555 - root - ERROR - Non-numeric input received.
2024-10-25 17:49:08,555 - root - INFO - Exiting application.
2024-10-25 17:49:08,556 - root - INFO - Application shutdown.
2024-10-25 17:49:08,560 - root - INFO - Calculator operations initialized with 2 operations.
2024-10-25 17:49:08,564 - root - INFO - Exiting calculator menu.
2024-10-25 17:49:08,576 - root - INFO - Registered operation: add as Add with index 1
2024-10-25 17:49:08,577 - root - INFO - Registered operation: divide as Divide with index 2
2024-10-25 17:49:08,578 - root - INFO - Registered operation: history_commands as ClearHistory with index 3
2024-10-25 17:49:08,579 - root - INFO - Registered operation: history_commands as DeleteSpecificRecord with index 4
2024-10-25 17:49:08,581 - root - INFO - Registered operation: history_commands as ShowHistory with index 5
2024-10-25 17:49:08,587 - root - INFO - Registered operation: multiply as Multiply with index 6
2024-10-25 17:49:08,593 - root - INFO - Registered operation: subtract as Subtract with index 7
2024-10-25 17:49:08,594 - root - INFO - Loaded operations: ['1', '2', '3', '4', '5', '6', '7']
2024-10-25 17:49:08,595 - root - INFO - Calculator operations initialized with 7 operations.
2024-10-25 17:49:08,599 - root - INFO - Executing operation: Add
2024-10-25 17:49:08,601 - root - INFO - Adding 2.0 and 3.0: Result = 5.0
2024-10-25 17:49:08,608 - root - INFO - Exiting calculator menu.
2024-10-25 17:49:08,617 - root - INFO - User selected to exit the program.
2024-10-25 17:49:08,619 - root - INFO - User selected command: help
2024-10-25 17:49:08,624 - root - WARNING - Invalid selection: 999 is out of range.
2024-10-25 17:49:08,634 - root - INFO - Hello, World!
2024-10-25 17:49:34,048 - root - INFO - Logging configured.
2024-10-25 17:49:34,049 - root - INFO - Environment variables loaded.
2024-10-25 17:49:34,050 - root - INFO - Registered operation: add as Add with index 1
2024-10-25 17:49:34,050 - root - INFO - Registered operation: divide as Divide with index 2
2024-10-25 17:49:34,050 - root - INFO - Registered operation: history_commands as ClearHistory with index 3
2024-10-25 17:49:34,051 - root - INFO - Registered operation: history_commands as DeleteSpecificRecord with index 4
2024-10-25 17:49:34,051 - root - INFO - Registered operation: history_commands as ShowHistory with index 5
2024-10-25 17:49:34,051 - root - INFO - Registered operation: multiply as Multiply with index 6
2024-10-25 17:49:34,051 - root - INFO - Registered operation: subtract as Subtract with index 7
2024-10-25 17:49:34,051 - root - INFO - Loaded operations: ['1', '2', '3', '4', '5', '6', '7']
2024-10-25 17:49:34,051 - root - INFO - Calculator operations initialized with 7 operations.
2024-10-25 17:49:34,051 - root - INFO - Command 'calculator' from plugin 'calculator' registered.
2024-10-25 17:49:34,052 - root - INFO - Command 'exit' from plugin 'exit' registered.
2024-10-25 17:49:34,052 - root - INFO - Command 'greet' from plugin 'greet' registered.
2024-10-25 17:49:34,052 - root - INFO - Menu command registered.
2024-10-25 17:49:34,052 - root - INFO - Displaying main menu.
2024-10-25 17:49:34,053 - root - INFO - Application started. Type 'exit' to exit.
2024-10-25 17:49:34,053 - root - ERROR - Non-numeric input received.
2024-10-25 17:49:34,053 - root - INFO - Exiting application.
2024-10-25 17:49:34,053 - root - INFO - Application shutdown.
2024-10-25 17:49:34,059 - root - INFO - Logging configured.
2024-10-25 17:49:34,059 - root - INFO - Environment variables loaded.
2024-10-25 17:49:34,060 - root - INFO - Registered operation: add as Add with index 1
2024-10-25 17:49:34,060 - root - INFO - Registered operation: divide as Divide with index 2
2024-10-25 17:49:34,060 - root - INFO - Registered operation: history_commands as ClearHistory with index 3
2024-10-25 17:49:34,060 - root - INFO - Registered operation: history_commands as DeleteSpecificRecord with index 4
2024-10-25 17:49:34,060 - root - INFO - Registered operation: history_commands as ShowHistory with index 5
2024-10-25 17:49:34,060 - root - INFO - Registered operation: multiply as Multiply with index 6
2024-10-25 17:49:34,061 - root - INFO - Registered operation: subtract as Subtract with index 7
2024-10-25 17:49:34,061 - root - INFO - Loaded operations: ['1', '2', '3', '4', '5', '6', '7']
2024-10-25 17:49:34,061 - root - INFO - Calculator operations initialized with 7 operations.
2024-10-25 17:49:34,061 - root - INFO - Command 'calculator' from plugin 'calculator' registered.
2024-10-25 17:49:34,061 - root - INFO - Command 'exit' from plugin 'exit' registered.
2024-10-25 17:49:34,061 - root - INFO - Command 'greet' from plugin 'greet' registered.
2024-10-25 17:49:34,062 - root - INFO - Menu command registered.
2024-10-25 17:49:34,062 - root - INFO - Displaying main menu.
2024-10-25 17:49:34,062 - root - INFO - Application started. Type 'exit' to exit.
2024-10-25 17:49:34,062 - root - INFO - Exiting application.
2024-10-25 17:49:34,062 - root - INFO - Application shutdown.
2024-10-25 17:49:34,066 - root - INFO - Logging configured.
2024-10-25 17:49:34,066 - root - INFO - Environment variables loaded.
2024-10-25 17:49:34,071 - root - INFO - Logging configured.
2024-10-25 17:49:34,071 - root - INFO - Environment variables loaded.
2024-10-25 17:49:34,072 - root - INFO - Registered operation: add as Add with index 1
2024-10-25 17:49:34,072 - root - INFO - Registered operation: divide as Divide with index 2
2024-10-25 17:49:34,072 - root - INFO - Registered operation: history_commands as ClearHistory with index 3
2024-10-25 17:49:34,072 - root - INFO - Registered operation: history_commands as DeleteSpecificRecord with index 4
2024-10-25 17:49:34,072 - root - INFO - Registered operation: history_commands as ShowHistory with index 5
2024-10-25 17:49:34,072 - root - INFO - Registered operation: multiply as Multiply with index 6
2024-10-25 17:49:34,072 - root - INFO - Registered operation: subtract as Subtract with index 7
2024-10-25 17:49:34,072 - root - INFO - Loaded operations: ['1', '2', '3', '4', '5', '6', '7']
2024-10-25 17:49:34,072 - root - INFO - Calculator operations initialized with 7 operations.
2024-10-25 17:49:34,073 - root - INFO - Command 'calculator' from plugin 'calculator' registered.
2024-10-25 17:49:34,073 - root - INFO - Command 'exit' from plugin 'exit' registered.
2024-10-25 17:49:34,073 - root - INFO - Command 'greet' from plugin 'greet' registered.
2024-10-25 17:49:34,073 - root - INFO - Menu command registered.
2024-10-25 17:49:34,073 - root - INFO - Displaying main menu.
2024-10-25 17:49:34,073 - root - INFO - Application started. Type 'exit' to exit.
2024-10-25 17:49:34,073 - root - INFO - Hello, World!
2024-10-25 17:49:34,074 - root - INFO - Executed command: greet
2024-10-25 17:49:34,074 - root - INFO - Displaying main menu.
2024-10-25 17:49:34,074 - root - INFO - Exiting application.
2024-10-25 17:49:34,074 - root - INFO - Application shutdown.
2024-10-25 17:49:34,079 - root - INFO - Adding 5.0 and 3.0: Result = 8.0
2024-10-25 17:49:34,112 - root - INFO - Dividing 6.0 by 3.0: Result = 2.0
2024-10-25 17:49:34,120 - root - INFO - Multiplying 5.0 and 3.0: Result = 15.0
2024-10-25 17:49:34,128 - root - INFO - Subtracting 3.0 from 5.0: Result = 2.0
2024-10-25 17:49:34,139 - root - INFO - Logging configured.
2024-10-25 17:49:34,140 - root - INFO - Environment variables loaded.
2024-10-25 17:49:34,140 - root - INFO - Registered operation: add as Add with index 1
2024-10-25 17:49:34,140 - root - INFO - Registered operation: divide as Divide with index 2
2024-10-25 17:49:34,140 - root - INFO - Registered operation: history_commands as ClearHistory with index 3
2024-10-25 17:49:34,140 - root - INFO - Registered operation: history_commands as DeleteSpecificRecord with index 4
2024-10-25 17:49:34,141 - root - INFO - Registered operation: history_commands as ShowHistory with index 5
2024-10-25 17:49:34,141 - root - INFO - Registered operation: multiply as Multiply with index 6
2024-10-25 17:49:34,141 - root - INFO - Registered operation: subtract as Subtract with index 7
2024-10-25 17:49:34,141 - root - INFO - Loaded operations: ['1', '2', '3', '4', '5', '6', '7']
2024-10-25 17:49:34,141 - root - INFO - Calculator operations initialized with 7 operations.
2024-10-25 17:49:34,141 - root - INFO - Command 'calculator' from plugin 'calculator' registered.
2024-10-25 17:49:34,141 - root - INFO - Command 'exit' from plugin 'exit' registered.
2024-10-25 17:49:34,141 - root - INFO - Command 'greet' from plugin 'greet' registered.
2024-10-25 17:49:34,141 - root - INFO - Menu command registered.
2024-10-25 17:49:34,142 - root - INFO - Displaying main menu.
2024-10-25 17:49:34,142 - root - INFO - Application started. Type 'exit' to exit.
2024-10-25 17:49:34,142 - root - INFO - Hello, World!
2024-10-25 17:49:34,142 - root - INFO - Executed command: greet
2024-10-25 17:49:34,142 - root - INFO - Displaying main menu.
2024-10-25 17:49:34,142 - root - INFO - Exiting application.
2024-10-25 17:49:34,143 - root - INFO - Application shutdown.
2024-10-25 17:49:34,147 - root - INFO - Logging configured.
2024-10-25 17:49:34,148 - root - INFO - Environment variables loaded.
2024-10-25 17:49:34,148 - root - INFO - Registered operation: add as Add with index 1
2024-10-25 17:49:34,148 - root - INFO - Registered operation: divide as Divide with index 2
2024-10-25 17:49:34,148 - root - INFO - Registered operation: history_commands as ClearHistory with index 3
2024-10-25 17:49:34,148 - root - INFO - Registered operation: history_commands as DeleteSpecificRecord with index 4
2024-10-25 17:49:34,148 - root - INFO - Registered operation: history_commands as ShowHistory with index 5
2024-10-25 17:49:34,149 - root - INFO - Registered operation: multiply as Multiply with index 6
2024-10-25 17:49:34,149 - root - INFO - Registered operation: subtract as Subtract with index 7
2024-10-25 17:49:34,149 - root - INFO - Loaded operations: ['1', '2', '3', '4', '5', '6', '7']
2024-10-25 17:49:34,149 - root - INFO - Calculator operations initialized with 7 operations.
2024-10-25 17:49:34,149 - root - INFO - Command 'calculator' from plugin 'calculator' registered.
2024-10-25 17:49:34,149 - root - INFO - Command 'exit' from plugin 'exit' registered.
2024-10-25 17:49:34,149 - root - INFO - Command 'greet' from plugin 'greet' registered.
2024-10-25 17:49:34,150 - root - INFO - Menu command registered.
2024-10-25 17:49:34,150 - root - INFO - Displaying main menu.
2024-10-25 17:49:34,150 - root - INFO - Application started. Type 'exit' to exit.
2024-10-25 17:49:34,150 - root - ERROR - Non-numeric input received.
2024-10-25 17:49:34,150 - root - INFO - Exiting application.
2024-10-25 17:49:34,150 - root - INFO - Application shutdown.
2024-10-25 17:49:34,153 - root - INFO - Calculator operations initialized with 2 operations.
2024-10-25 17:49:34,156 - root - INFO - Exiting calculator menu.
2024-10-25 17:49:34,161 - root - INFO - Registered operation: add as Add with index 1
2024-10-25 17:49:34,162 - root - INFO - Registered operation: divide as Divide with index 2
2024-10-25 17:49:34,164 - root - INFO - Registered operation: history_commands as ClearHistory with index 3
2024-10-25 17:49:34,165 - root - INFO - Registered operation: history_commands as DeleteSpecificRecord with index 4
2024-10-25 17:49:34,167 - root - INFO - Registered operation: history_commands as ShowHistory with index 5
2024-10-25 17:49:34,168 - root - INFO - Registered operation: multiply as Multiply with index 6
2024-10-25 17:49:34,169 - root - INFO - Registered operation: subtract as Subtract with index 7
2024-10-25 17:49:34,170 - root - INFO - Loaded operations: ['1', '2', '3', '4', '5', '6', '7']
2024-10-25 17:49:34,170 - root - INFO - Calculator operations initialized with 7 operations.
2024-10-25 17:49:34,172 - root - INFO - Executing operation: Add
2024-10-25 17:49:34,173 - root - INFO - Adding 2.0 and 3.0: Result = 5.0
2024-10-25 17:49:34,176 - root - INFO - Exiting calculator menu.
2024-10-25 17:49:34,181 - root - INFO - User selected to exit the program.
2024-10-25 17:49:34,183 - root - INFO - User selected command: help
2024-10-25 17:49:34,187 - root - WARNING - Invalid selection: 999 is out of range.
2024-10-25 17:49:34,195 - root - INFO - Hello, World!
2024-10-25 17:49:42,191 - root - INFO - Logging configured.
2024-10-25 17:49:42,192 - root - INFO - Environment variables loaded.
2024-10-25 17:49:42,193 - root - INFO - Registered operation: add as Add with index 1
2024-10-25 17:49:42,194 - root - INFO - Registered operation: divide as Divide with index 2
2024-10-25 17:49:42,194 - root - INFO - Registered operation: history_commands as ClearHistory with index 3
2024-10-25 17:49:42,194 - root - INFO - Registered operation: history_commands as DeleteSpecificRecord with index 4
2024-10-25 17:49:42,194 - root - INFO - Registered operation: history_commands as ShowHistory with index 5
2024-10-25 17:49:42,194 - root - INFO - Registered operation: multiply as Multiply with index 6
2024-10-25 17:49:42,194 - root - INFO - Registered operation: subtract as Subtract with index 7
2024-10-25 17:49:42,194 - root - INFO - Loaded operations: ['1', '2', '3', '4', '5', '6', '7']
2024-10-25 17:49:42,195 - root - INFO - Calculator operations initialized with 7 operations.
2024-10-25 17:49:42,195 - root - INFO - Command 'calculator' from plugin 'calculator' registered.
2024-10-25 17:49:42,195 - root - INFO - Command 'exit' from plugin 'exit' registered.
2024-10-25 17:49:42,195 - root - INFO - Command 'greet' from plugin 'greet' registered.
2024-10-25 17:49:42,195 - root - INFO - Menu command registered.
2024-10-25 17:49:42,196 - root - INFO - Displaying main menu.
2024-10-25 17:49:42,196 - root - INFO - Application started. Type 'exit' to exit.
2024-10-25 17:49:42,196 - root - ERROR - Non-numeric input received.
2024-10-25 17:49:42,196 - root - INFO - Exiting application.
2024-10-25 17:49:42,196 - root - INFO - Application shutdown.
2024-10-25 17:49:42,202 - root - INFO - Logging configured.
2024-10-25 17:49:42,203 - root - INFO - Environment variables loaded.
2024-10-25 17:49:42,204 - root - INFO - Registered operation: add as Add with index 1
2024-10-25 17:49:42,204 - root - INFO - Registered operation: divide as Divide with index 2
2024-10-25 17:49:42,204 - root - INFO - Registered operation: history_commands as ClearHistory with index 3
2024-10-25 17:49:42,204 - root - INFO - Registered operation: history_commands as DeleteSpecificRecord with index 4
2024-10-25 17:49:42,204 - root - INFO - Registered operation: history_commands as ShowHistory with index 5
2024-10-25 17:49:42,205 - root - INFO - Registered operation: multiply as Multiply with index 6
2024-10-25 17:49:42,205 - root - INFO - Registered operation: subtract as Subtract with index 7
2024-10-25 17:49:42,205 - root - INFO - Loaded operations: ['1', '2', '3', '4', '5', '6', '7']
2024-10-25 17:49:42,205 - root - INFO - Calculator operations initialized with 7 operations.
2024-10-25 17:49:42,206 - root - INFO - Command 'calculator' from plugin 'calculator' registered.
2024-10-25 17:49:42,206 - root - INFO - Command 'exit' from plugin 'exit' registered.
2024-10-25 17:49:42,206 - root - INFO - Command 'greet' from plugin 'greet' registered.
2024-10-25 17:49:42,206 - root - INFO - Menu command registered.
2024-10-25 17:49:42,206 - root - INFO - Displaying main menu.
2024-10-25 17:49:42,207 - root - INFO - Application started. Type 'exit' to exit.
2024-10-25 17:49:42,207 - root - INFO - Exiting application.
2024-10-25 17:49:42,207 - root - INFO - Application shutdown.
2024-10-25 17:49:42,211 - root - INFO - Logging configured.
2024-10-25 17:49:42,212 - root - INFO - Environment variables loaded.
2024-10-25 17:49:42,217 - root - INFO - Logging configured.
2024-10-25 17:49:42,218 - root - INFO - Environment variables loaded.
2024-10-25 17:49:42,219 - root - INFO - Registered operation: add as Add with index 1
2024-10-25 17:49:42,219 - root - INFO - Registered operation: divide as Divide with index 2
2024-10-25 17:49:42,219 - root - INFO - Registered operation: history_commands as ClearHistory with index 3
2024-10-25 17:49:42,220 - root - INFO - Registered operation: history_commands as DeleteSpecificRecord with index 4
2024-10-25 17:49:42,220 - root - INFO - Registered operation: history_commands as ShowHistory with index 5
2024-10-25 17:49:42,220 - root - INFO - Registered operation: multiply as Multiply with index 6
2024-10-25 17:49:42,220 - root - INFO - Registered operation: subtract as Subtract with index 7
2024-10-25 17:49:42,220 - root - INFO - Loaded operations: ['1', '2', '3', '4', '5', '6', '7']
2024-10-25 17:49:42,220 - root - INFO - Calculator operations initialized with 7 operations.
2024-10-25 17:49:42,220 - root - INFO - Command 'calculator' from plugin 'calculator' registered.
2024-10-25 17:49:42,221 - root - INFO - Command 'exit' from plugin 'exit' registered.
2024-10-25 17:49:42,221 - root - INFO - Command 'greet' from plugin 'greet' registered.
2024-10-25 17:49:42,221 - root - INFO - Menu command registered.
2024-10-25 17:49:42,221 - root - INFO - Displaying main menu.
2024-10-25 17:49:42,221 - root - INFO - Application started. Type 'exit' to exit.
2024-10-25 17:49:42,222 - root - INFO - Hello, World!
2024-10-25 17:49:42,222 - root - INFO - Executed command: greet
2024-10-25 17:49:42,222 - root - INFO - Displaying main menu.
2024-10-25 17:49:42,222 - root - INFO - Exiting application.
2024-10-25 17:49:42,222 - root - INFO - Application shutdown.
2024-10-25 17:49:42,227 - root - INFO - Adding 5.0 and 3.0: Result = 8.0
2024-10-25 17:49:42,249 - root - INFO - Dividing 6.0 by 3.0: Result = 2.0
2024-10-25 17:49:42,258 - root - INFO - Multiplying 5.0 and 3.0: Result = 15.0
2024-10-25 17:49:42,268 - root - INFO - Subtracting 3.0 from 5.0: Result = 2.0
2024-10-25 17:49:42,279 - root - INFO - Logging configured.
2024-10-25 17:49:42,280 - root - INFO - Environment variables loaded.
2024-10-25 17:49:42,280 - root - INFO - Registered operation: add as Add with index 1
2024-10-25 17:49:42,281 - root - INFO - Registered operation: divide as Divide with index 2
2024-10-25 17:49:42,281 - root - INFO - Registered operation: history_commands as ClearHistory with index 3
2024-10-25 17:49:42,281 - root - INFO - Registered operation: history_commands as DeleteSpecificRecord with index 4
2024-10-25 17:49:42,281 - root - INFO - Registered operation: history_commands as ShowHistory with index 5
2024-10-25 17:49:42,281 - root - INFO - Registered operation: multiply as Multiply with index 6
2024-10-25 17:49:42,281 - root - INFO - Registered operation: subtract as Subtract with index 7
2024-10-25 17:49:42,282 - root - INFO - Loaded operations: ['1', '2', '3', '4', '5', '6', '7']
2024-10-25 17:49:42,282 - root - INFO - Calculator operations initialized with 7 operations.
2024-10-25 17:49:42,282 - root - INFO - Command 'calculator' from plugin 'calculator' registered.
2024-10-25 17:49:42,282 - root - INFO - Command 'exit' from plugin 'exit' registered.
2024-10-25 17:49:42,283 - root - INFO - Command 'greet' from plugin 'greet' registered.
2024-10-25 17:49:42,283 - root - INFO - Menu command registered.
2024-10-25 17:49:42,283 - root - INFO - Displaying main menu.
2024-10-25 17:49:42,283 - root - INFO - Application started. Type 'exit' to exit.
2024-10-25 17:49:42,283 - root - INFO - Hello, World!
2024-10-25 17:49:42,284 - root - INFO - Executed command: greet
2024-10-25 17:49:42,284 - root - INFO - Displaying main menu.
2024-10-25 17:49:42,284 - root - INFO - Exiting application.
2024-10-25 17:49:42,284 - root - INFO - Application shutdown.
2024-10-25 17:49:42,290 - root - INFO - Logging configured.
2024-10-25 17:49:42,290 - root - INFO - Environment variables loaded.
2024-10-25 17:49:42,291 - root - INFO - Registered operation: add as Add with index 1
2024-10-25 17:49:42,291 - root - INFO - Registered operation: divide as Divide with index 2
2024-10-25 17:49:42,292 - root - INFO - Registered operation: history_commands as ClearHistory with index 3
2024-10-25 17:49:42,292 - root - INFO - Registered operation: history_commands as DeleteSpecificRecord with index 4
2024-10-25 17:49:42,292 - root - INFO - Registered operation: history_commands as ShowHistory with index 5
2024-10-25 17:49:42,292 - root - INFO - Registered operation: multiply as Multiply with index 6
2024-10-25 17:49:42,293 - root - INFO - Registered operation: subtract as Subtract with index 7
2024-10-25 17:49:42,293 - root - INFO - Loaded operations: ['1', '2', '3', '4', '5', '6', '7']
2024-10-25 17:49:42,293 - root - INFO - Calculator operations initialized with 7 operations.
2024-10-25 17:49:42,293 - root - INFO - Command 'calculator' from plugin 'calculator' registered.
2024-10-25 17:49:42,293 - root - INFO - Command 'exit' from plugin 'exit' registered.
2024-10-25 17:49:42,293 - root - INFO - Command 'greet' from plugin 'greet' registered.
2024-10-25 17:49:42,294 - root - INFO - Menu command registered.
2024-10-25 17:49:42,294 - root - INFO - Displaying main menu.
2024-10-25 17:49:42,294 - root - INFO - Application started. Type 'exit' to exit.
2024-10-25 17:49:42,294 - root - ERROR - Non-numeric input received.
2024-10-25 17:49:42,294 - root - INFO - Exiting application.
2024-10-25 17:49:42,295 - root - INFO - Application shutdown.
2024-10-25 17:49:42,300 - root - INFO - Calculator operations initialized with 2 operations.
2024-10-25 17:49:42,302 - root - INFO - Exiting calculator menu.
2024-10-25 17:49:42,308 - root - INFO - Registered operation: add as Add with index 1
2024-10-25 17:49:42,309 - root - INFO - Registered operation: divide as Divide with index 2
2024-10-25 17:49:42,311 - root - INFO - Registered operation: history_commands as ClearHistory with index 3
2024-10-25 17:49:42,313 - root - INFO - Registered operation: history_commands as DeleteSpecificRecord with index 4
2024-10-25 17:49:42,314 - root - INFO - Registered operation: history_commands as ShowHistory with index 5
2024-10-25 17:49:42,315 - root - INFO - Registered operation: multiply as Multiply with index 6
2024-10-25 17:49:42,317 - root - INFO - Registered operation: subtract as Subtract with index 7
2024-10-25 17:49:42,319 - root - INFO - Loaded operations: ['1', '2', '3', '4', '5', '6', '7']
2024-10-25 17:49:42,320 - root - INFO - Calculator operations initialized with 7 operations.
2024-10-25 17:49:42,321 - root - INFO - Executing operation: Add
2024-10-25 17:49:42,323 - root - INFO - Adding 2.0 and 3.0: Result = 5.0
2024-10-25 17:49:42,327 - root - INFO - Exiting calculator menu.
2024-10-25 17:49:42,334 - root - INFO - User selected to exit the program.
2024-10-25 17:49:42,337 - root - INFO - User selected command: help
2024-10-25 17:49:42,343 - root - WARNING - Invalid selection: 999 is out of range.
2024-10-25 17:49:42,353 - root - INFO - Hello, World!
2024-10-25 17:49:52,185 - root - INFO - Logging configured.
2024-10-25 17:49:52,185 - root - INFO - Environment variables loaded.
2024-10-25 17:49:52,186 - root - INFO - Registered operation: add as Add with index 1
2024-10-25 17:49:52,187 - root - INFO - Registered operation: divide as Divide with index 2
2024-10-25 17:49:52,187 - root - INFO - Registered operation: history_commands as ClearHistory with index 3
2024-10-25 17:49:52,187 - root - INFO - Registered operation: history_commands as DeleteSpecificRecord with index 4
2024-10-25 17:49:52,187 - root - INFO - Registered operation: history_commands as ShowHistory with index 5
2024-10-25 17:49:52,188 - root - INFO - Registered operation: multiply as Multiply with index 6
2024-10-25 17:49:52,188 - root - INFO - Registered operation: subtract as Subtract with index 7
2024-10-25 17:49:52,188 - root - INFO - Loaded operations: ['1', '2', '3', '4', '5', '6', '7']
2024-10-25 17:49:52,188 - root - INFO - Calculator operations initialized with 7 operations.
2024-10-25 17:49:52,188 - root - INFO - Command 'calculator' from plugin 'calculator' registered.
2024-10-25 17:49:52,188 - root - INFO - Command 'exit' from plugin 'exit' registered.
2024-10-25 17:49:52,189 - root - INFO - Command 'greet' from plugin 'greet' registered.
2024-10-25 17:49:52,189 - root - INFO - Menu command registered.
2024-10-25 17:49:52,189 - root - INFO - Displaying main menu.
2024-10-25 17:49:52,189 - root - INFO - Application started. Type 'exit' to exit.
2024-10-25 17:50:00,240 - root - WARNING - Invalid operation selection: 0.
2024-10-25 17:50:06,710 - root - INFO - Exiting calculator menu.
2024-10-25 17:50:06,711 - root - INFO - Executed command: calculator
2024-10-25 17:50:06,711 - root - INFO - Displaying main menu.
2024-10-25 17:50:10,627 - root - INFO - Exiting application.
2024-10-25 17:50:10,628 - root - INFO - Application shutdown.
2024-10-25 17:53:39,758 - root - INFO - Logging configured.
2024-10-25 17:53:39,759 - root - INFO - Environment variables loaded.
2024-10-25 17:53:39,759 - root - INFO - Registered operation: add as Add with index 1
2024-10-25 17:53:39,759 - root - INFO - Registered operation: divide as Divide with index 2
2024-10-25 17:53:39,760 - root - INFO - Registered operation: history_commands as ClearHistory with index 3
2024-10-25 17:53:39,760 - root - INFO - Registered operation: history_commands as DeleteSpecificRecord with index 4
2024-10-25 17:53:39,760 - root - INFO - Registered operation: history_commands as ShowHistory with index 5
2024-10-25 17:53:39,760 - root - INFO - Registered operation: multiply as Multiply with index 6
2024-10-25 17:53:39,760 - root - INFO - Registered operation: subtract as Subtract with index 7
2024-10-25 17:53:39,760 - root - INFO - Loaded operations: ['1', '2', '3', '4', '5', '6', '7']
2024-10-25 17:53:39,760 - root - INFO - Calculator operations initialized with 7 operations.
2024-10-25 17:53:39,760 - root - INFO - Command 'calculator' from plugin 'calculator' registered.
2024-10-25 17:53:39,761 - root - INFO - Command 'exit' from plugin 'exit' registered.
2024-10-25 17:53:39,761 - root - INFO - Command 'greet' from plugin 'greet' registered.
2024-10-25 17:53:39,761 - root - INFO - Menu command registered.
2024-10-25 17:53:39,761 - root - INFO - Displaying main menu.
2024-10-25 17:53:39,761 - root - INFO - Application started. Type 'exit' to exit.
2024-10-25 17:53:39,762 - root - ERROR - Non-numeric input received.
2024-10-25 17:53:39,762 - root - INFO - Exiting application.
2024-10-25 17:53:39,762 - root - INFO - Application shutdown.
2024-10-25 17:53:39,769 - root - INFO - Logging configured.
2024-10-25 17:53:39,769 - root - INFO - Environment variables loaded.
2024-10-25 17:53:39,773 - root - INFO - Registered operation: add as Add with index 1
2024-10-25 17:53:39,773 - root - INFO - Registered operation: divide as Divide with index 2
2024-10-25 17:53:39,773 - root - INFO - Registered operation: history_commands as ClearHistory with index 3
2024-10-25 17:53:39,773 - root - INFO - Registered operation: history_commands as DeleteSpecificRecord with index 4
2024-10-25 17:53:39,773 - root - INFO - Registered operation: history_commands as ShowHistory with index 5
2024-10-25 17:53:39,774 - root - INFO - Registered operation: multiply as Multiply with index 6
2024-10-25 17:53:39,774 - root - INFO - Registered operation: subtract as Subtract with index 7
2024-10-25 17:53:39,774 - root - INFO - Loaded operations: ['1', '2', '3', '4', '5', '6', '7']
2024-10-25 17:53:39,774 - root - INFO - Calculator operations initialized with 7 operations.
2024-10-25 17:53:39,774 - root - INFO - Command 'calculator' from plugin 'calculator' registered.
2024-10-25 17:53:39,775 - root - INFO - Command 'exit' from plugin 'exit' registered.
2024-10-25 17:53:39,775 - root - INFO - Command 'greet' from plugin 'greet' registered.
2024-10-25 17:53:39,775 - root - INFO - Menu command registered.
2024-10-25 17:53:39,776 - root - INFO - Displaying main menu.
2024-10-25 17:53:39,776 - root - INFO - Application started. Type 'exit' to exit.
2024-10-25 17:53:39,776 - root - INFO - Exiting application.
2024-10-25 17:53:39,777 - root - INFO - Application shutdown.
2024-10-25 17:53:39,784 - root - INFO - Logging configured.
2024-10-25 17:53:39,785 - root - INFO - Environment variables loaded.
2024-10-25 17:53:39,790 - root - INFO - Logging configured.
2024-10-25 17:53:39,791 - root - INFO - Environment variables loaded.
2024-10-25 17:53:39,791 - root - INFO - Registered operation: add as Add with index 1
2024-10-25 17:53:39,792 - root - INFO - Registered operation: divide as Divide with index 2
2024-10-25 17:53:39,792 - root - INFO - Registered operation: history_commands as ClearHistory with index 3
2024-10-25 17:53:39,792 - root - INFO - Registered operation: history_commands as DeleteSpecificRecord with index 4
2024-10-25 17:53:39,792 - root - INFO - Registered operation: history_commands as ShowHistory with index 5
2024-10-25 17:53:39,793 - root - INFO - Registered operation: multiply as Multiply with index 6
2024-10-25 17:53:39,793 - root - INFO - Registered operation: subtract as Subtract with index 7
2024-10-25 17:53:39,793 - root - INFO - Loaded operations: ['1', '2', '3', '4', '5', '6', '7']
2024-10-25 17:53:39,794 - root - INFO - Calculator operations initialized with 7 operations.
2024-10-25 17:53:39,794 - root - INFO - Command 'calculator' from plugin 'calculator' registered.
2024-10-25 17:53:39,794 - root - INFO - Command 'exit' from plugin 'exit' registered.
2024-10-25 17:53:39,795 - root - INFO - Command 'greet' from plugin 'greet' registered.
2024-10-25 17:53:39,795 - root - INFO - Menu command registered.
2024-10-25 17:53:39,795 - root - INFO - Displaying main menu.
2024-10-25 17:53:39,796 - root - INFO - Application started. Type 'exit' to exit.
2024-10-25 17:53:39,796 - root - INFO - Hello, World!
2024-10-25 17:53:39,797 - root - INFO - Executed command: greet
2024-10-25 17:53:39,797 - root - INFO - Displaying main menu.
2024-10-25 17:53:39,797 - root - INFO - Exiting application.
2024-10-25 17:53:39,797 - root - INFO - Application shutdown.
2024-10-25 17:53:39,802 - root - INFO - Adding 5.0 and 3.0: Result = 8.0
2024-10-25 17:53:39,833 - root - INFO - Dividing 6.0 by 3.0: Result = 2.0
2024-10-25 17:53:39,839 - root - INFO - Multiplying 5.0 and 3.0: Result = 15.0
2024-10-25 17:53:39,846 - root - INFO - Subtracting 3.0 from 5.0: Result = 2.0
2024-10-25 17:53:39,854 - root - INFO - Logging configured.
2024-10-25 17:53:39,855 - root - INFO - Environment variables loaded.
2024-10-25 17:53:39,855 - root - INFO - Registered operation: add as Add with index 1
2024-10-25 17:53:39,855 - root - INFO - Registered operation: divide as Divide with index 2
2024-10-25 17:53:39,855 - root - INFO - Registered operation: history_commands as ClearHistory with index 3
2024-10-25 17:53:39,856 - root - INFO - Registered operation: history_commands as DeleteSpecificRecord with index 4
2024-10-25 17:53:39,856 - root - INFO - Registered operation: history_commands as ShowHistory with index 5
2024-10-25 17:53:39,856 - root - INFO - Registered operation: multiply as Multiply with index 6
2024-10-25 17:53:39,856 - root - INFO - Registered operation: subtract as Subtract with index 7
2024-10-25 17:53:39,856 - root - INFO - Loaded operations: ['1', '2', '3', '4', '5', '6', '7']
2024-10-25 17:53:39,856 - root - INFO - Calculator operations initialized with 7 operations.
2024-10-25 17:53:39,856 - root - INFO - Command 'calculator' from plugin 'calculator' registered.
2024-10-25 17:53:39,856 - root - INFO - Command 'exit' from plugin 'exit' registered.
2024-10-25 17:53:39,857 - root - INFO - Command 'greet' from plugin 'greet' registered.
2024-10-25 17:53:39,857 - root - INFO - Menu command registered.
2024-10-25 17:53:39,857 - root - INFO - Displaying main menu.
2024-10-25 17:53:39,857 - root - INFO - Application started. Type 'exit' to exit.
2024-10-25 17:53:39,858 - root - INFO - Hello, World!
2024-10-25 17:53:39,858 - root - INFO - Executed command: greet
2024-10-25 17:53:39,858 - root - INFO - Displaying main menu.
2024-10-25 17:53:39,858 - root - INFO - Exiting application.
2024-10-25 17:53:39,859 - root - INFO - Application shutdown.
2024-10-25 17:53:39,863 - root - INFO - Logging configured.
2024-10-25 17:53:39,864 - root - INFO - Environment variables loaded.
2024-10-25 17:53:39,865 - root - INFO - Registered operation: add as Add with index 1
2024-10-25 17:53:39,865 - root - INFO - Registered operation: divide as Divide with index 2
2024-10-25 17:53:39,865 - root - INFO - Registered operation: history_commands as ClearHistory with index 3
2024-10-25 17:53:39,865 - root - INFO - Registered operation: history_commands as DeleteSpecificRecord with index 4
2024-10-25 17:53:39,865 - root - INFO - Registered operation: history_commands as ShowHistory with index 5
2024-10-25 17:53:39,865 - root - INFO - Registered operation: multiply as Multiply with index 6
2024-10-25 17:53:39,865 - root - INFO - Registered operation: subtract as Subtract with index 7
2024-10-25 17:53:39,866 - root - INFO - Loaded operations: ['1', '2', '3', '4', '5', '6', '7']
2024-10-25 17:53:39,866 - root - INFO - Calculator operations initialized with 7 operations.
2024-10-25 17:53:39,866 - root - INFO - Command 'calculator' from plugin 'calculator' registered.
2024-10-25 17:53:39,866 - root - INFO - Command 'exit' from plugin 'exit' registered.
2024-10-25 17:53:39,866 - root - INFO - Command 'greet' from plugin 'greet' registered.
2024-10-25 17:53:39,867 - root - INFO - Menu command registered.
2024-10-25 17:53:39,867 - root - INFO - Displaying main menu.
2024-10-25 17:53:39,867 - root - INFO - Application started. Type 'exit' to exit.
2024-10-25 17:53:39,867 - root - ERROR - Non-numeric input received.
2024-10-25 17:53:39,868 - root - INFO - Exiting application.
2024-10-25 17:53:39,868 - root - INFO - Application shutdown.
2024-10-25 17:53:39,871 - root - INFO - Calculator operations initialized with 2 operations.
2024-10-25 17:53:39,874 - root - INFO - Exiting calculator menu.
2024-10-25 17:53:39,880 - root - INFO - Registered operation: add as Add with index 1
2024-10-25 17:53:39,881 - root - INFO - Registered operation: divide as Divide with index 2
2024-10-25 17:53:39,882 - root - INFO - Registered operation: history_commands as ClearHistory with index 3
2024-10-25 17:53:39,883 - root - INFO - Registered operation: history_commands as DeleteSpecificRecord with index 4
2024-10-25 17:53:39,885 - root - INFO - Registered operation: history_commands as ShowHistory with index 5
2024-10-25 17:53:39,886 - root - INFO - Registered operation: multiply as Multiply with index 6
2024-10-25 17:53:39,886 - root - INFO - Registered operation: subtract as Subtract with index 7
2024-10-25 17:53:39,887 - root - INFO - Loaded operations: ['1', '2', '3', '4', '5', '6', '7']
2024-10-25 17:53:39,888 - root - INFO - Calculator operations initialized with 7 operations.
2024-10-25 17:53:39,889 - root - INFO - Executing operation: Add
2024-10-25 17:53:39,891 - root - INFO - Adding 2.0 and 3.0: Result = 5.0
2024-10-25 17:53:39,894 - root - INFO - Exiting calculator menu.
2024-10-25 17:53:39,900 - root - INFO - User selected to exit the program.
2024-10-25 17:53:39,901 - root - INFO - User selected command: help
2024-10-25 17:53:39,905 - root - WARNING - Invalid selection: 999 is out of range.
2024-10-25 17:53:39,912 - root - INFO - Hello, World!
2024-10-25 17:53:51,435 - root - INFO - Logging configured.
2024-10-25 17:53:51,436 - root - INFO - Environment variables loaded.
2024-10-25 17:53:51,437 - root - INFO - Registered operation: add as Add with index 1
2024-10-25 17:53:51,437 - root - INFO - Registered operation: divide as Divide with index 2
2024-10-25 17:53:51,437 - root - INFO - Registered operation: history_commands as ClearHistory with index 3
2024-10-25 17:53:51,437 - root - INFO - Registered operation: history_commands as DeleteSpecificRecord with index 4
2024-10-25 17:53:51,438 - root - INFO - Registered operation: history_commands as ShowHistory with index 5
2024-10-25 17:53:51,438 - root - INFO - Registered operation: multiply as Multiply with index 6
2024-10-25 17:53:51,438 - root - INFO - Registered operation: subtract as Subtract with index 7
2024-10-25 17:53:51,438 - root - INFO - Loaded operations: ['1', '2', '3', '4', '5', '6', '7']
2024-10-25 17:53:51,438 - root - INFO - Calculator operations initialized with 7 operations.
2024-10-25 17:53:51,438 - root - INFO - Command 'calculator' from plugin 'calculator' registered.
2024-10-25 17:53:51,438 - root - INFO - Command 'exit' from plugin 'exit' registered.
2024-10-25 17:53:51,438 - root - INFO - Command 'greet' from plugin 'greet' registered.
2024-10-25 17:53:51,439 - root - INFO - Menu command registered.
2024-10-25 17:53:51,439 - root - INFO - Displaying main menu.
2024-10-25 17:53:51,439 - root - INFO - Application started. Type 'exit' to exit.
2024-10-25 17:53:51,439 - root - ERROR - Non-numeric input received.
2024-10-25 17:53:51,439 - root - INFO - Exiting application.
2024-10-25 17:53:51,439 - root - INFO - Application shutdown.
2024-10-25 17:53:51,443 - root - INFO - Logging configured.
2024-10-25 17:53:51,444 - root - INFO - Environment variables loaded.
2024-10-25 17:53:51,444 - root - INFO - Registered operation: add as Add with index 1
2024-10-25 17:53:51,444 - root - INFO - Registered operation: divide as Divide with index 2
2024-10-25 17:53:51,445 - root - INFO - Registered operation: history_commands as ClearHistory with index 3
2024-10-25 17:53:51,445 - root - INFO - Registered operation: history_commands as DeleteSpecificRecord with index 4
2024-10-25 17:53:51,445 - root - INFO - Registered operation: history_commands as ShowHistory with index 5
2024-10-25 17:53:51,445 - root - INFO - Registered operation: multiply as Multiply with index 6
2024-10-25 17:53:51,445 - root - INFO - Registered operation: subtract as Subtract with index 7
2024-10-25 17:53:51,445 - root - INFO - Loaded operations: ['1', '2', '3', '4', '5', '6', '7']
2024-10-25 17:53:51,445 - root - INFO - Calculator operations initialized with 7 operations.
2024-10-25 17:53:51,445 - root - INFO - Command 'calculator' from plugin 'calculator' registered.
2024-10-25 17:53:51,446 - root - INFO - Command 'exit' from plugin 'exit' registered.
2024-10-25 17:53:51,446 - root - INFO - Command 'greet' from plugin 'greet' registered.
2024-10-25 17:53:51,446 - root - INFO - Menu command registered.
2024-10-25 17:53:51,446 - root - INFO - Displaying main menu.
2024-10-25 17:53:51,446 - root - INFO - Application started. Type 'exit' to exit.
2024-10-25 17:53:51,446 - root - INFO - Exiting application.
2024-10-25 17:53:51,447 - root - INFO - Application shutdown.
2024-10-25 17:53:51,450 - root - INFO - Logging configured.
2024-10-25 17:53:51,450 - root - INFO - Environment variables loaded.
2024-10-25 17:53:51,455 - root - INFO - Logging configured.
2024-10-25 17:53:51,455 - root - INFO - Environment variables loaded.
2024-10-25 17:53:51,456 - root - INFO - Registered operation: add as Add with index 1
2024-10-25 17:53:51,456 - root - INFO - Registered operation: divide as Divide with index 2
2024-10-25 17:53:51,456 - root - INFO - Registered operation: history_commands as ClearHistory with index 3
2024-10-25 17:53:51,456 - root - INFO - Registered operation: history_commands as DeleteSpecificRecord with index 4
2024-10-25 17:53:51,456 - root - INFO - Registered operation: history_commands as ShowHistory with index 5
2024-10-25 17:53:51,456 - root - INFO - Registered operation: multiply as Multiply with index 6
2024-10-25 17:53:51,457 - root - INFO - Registered operation: subtract as Subtract with index 7
2024-10-25 17:53:51,457 - root - INFO - Loaded operations: ['1', '2', '3', '4', '5', '6', '7']
2024-10-25 17:53:51,457 - root - INFO - Calculator operations initialized with 7 operations.
2024-10-25 17:53:51,457 - root - INFO - Command 'calculator' from plugin 'calculator' registered.
2024-10-25 17:53:51,457 - root - INFO - Command 'exit' from plugin 'exit' registered.
2024-10-25 17:53:51,457 - root - INFO - Command 'greet' from plugin 'greet' registered.
2024-10-25 17:53:51,457 - root - INFO - Menu command registered.
2024-10-25 17:53:51,457 - root - INFO - Displaying main menu.
2024-10-25 17:53:51,458 - root - INFO - Application started. Type 'exit' to exit.
2024-10-25 17:53:51,458 - root - INFO - Hello, World!
2024-10-25 17:53:51,458 - root - INFO - Executed command: greet
2024-10-25 17:53:51,458 - root - INFO - Displaying main menu.
2024-10-25 17:53:51,458 - root - INFO - Exiting application.
2024-10-25 17:53:51,458 - root - INFO - Application shutdown.
2024-10-25 17:53:51,462 - root - INFO - Adding 5.0 and 3.0: Result = 8.0
2024-10-25 17:53:51,485 - root - INFO - Dividing 6.0 by 3.0: Result = 2.0
2024-10-25 17:53:51,491 - root - INFO - Multiplying 5.0 and 3.0: Result = 15.0
2024-10-25 17:53:51,497 - root - INFO - Subtracting 3.0 from 5.0: Result = 2.0
2024-10-25 17:53:51,507 - root - INFO - Logging configured.
2024-10-25 17:53:51,507 - root - INFO - Environment variables loaded.
2024-10-25 17:53:51,508 - root - INFO - Registered operation: add as Add with index 1
2024-10-25 17:53:51,508 - root - INFO - Registered operation: divide as Divide with index 2
2024-10-25 17:53:51,508 - root - INFO - Registered operation: history_commands as ClearHistory with index 3
2024-10-25 17:53:51,508 - root - INFO - Registered operation: history_commands as DeleteSpecificRecord with index 4
2024-10-25 17:53:51,509 - root - INFO - Registered operation: history_commands as ShowHistory with index 5
2024-10-25 17:53:51,509 - root - INFO - Registered operation: multiply as Multiply with index 6
2024-10-25 17:53:51,509 - root - INFO - Registered operation: subtract as Subtract with index 7
2024-10-25 17:53:51,509 - root - INFO - Loaded operations: ['1', '2', '3', '4', '5', '6', '7']
2024-10-25 17:53:51,509 - root - INFO - Calculator operations initialized with 7 operations.
2024-10-25 17:53:51,509 - root - INFO - Command 'calculator' from plugin 'calculator' registered.
2024-10-25 17:53:51,509 - root - INFO - Command 'exit' from plugin 'exit' registered.
2024-10-25 17:53:51,509 - root - INFO - Command 'greet' from plugin 'greet' registered.
2024-10-25 17:53:51,510 - root - INFO - Menu command registered.
2024-10-25 17:53:51,510 - root - INFO - Displaying main menu.
2024-10-25 17:53:51,510 - root - INFO - Application started. Type 'exit' to exit.
2024-10-25 17:53:51,510 - root - INFO - Hello, World!
2024-10-25 17:53:51,510 - root - INFO - Executed command: greet
2024-10-25 17:53:51,510 - root - INFO - Displaying main menu.
2024-10-25 17:53:51,510 - root - INFO - Exiting application.
2024-10-25 17:53:51,510 - root - INFO - Application shutdown.
2024-10-25 17:53:51,518 - root - INFO - Logging configured.
2024-10-25 17:53:51,518 - root - INFO - Environment variables loaded.
2024-10-25 17:53:51,519 - root - INFO - Registered operation: add as Add with index 1
2024-10-25 17:53:51,519 - root - INFO - Registered operation: divide as Divide with index 2
2024-10-25 17:53:51,519 - root - INFO - Registered operation: history_commands as ClearHistory with index 3
2024-10-25 17:53:51,519 - root - INFO - Registered operation: history_commands as DeleteSpecificRecord with index 4
2024-10-25 17:53:51,519 - root - INFO - Registered operation: history_commands as ShowHistory with index 5
2024-10-25 17:53:51,520 - root - INFO - Registered operation: multiply as Multiply with index 6
2024-10-25 17:53:51,520 - root - INFO - Registered operation: subtract as Subtract with index 7
2024-10-25 17:53:51,520 - root - INFO - Loaded operations: ['1', '2', '3', '4', '5', '6', '7']
2024-10-25 17:53:51,520 - root - INFO - Calculator operations initialized with 7 operations.
2024-10-25 17:53:51,520 - root - INFO - Command 'calculator' from plugin 'calculator' registered.
2024-10-25 17:53:51,520 - root - INFO - Command 'exit' from plugin 'exit' registered.
2024-10-25 17:53:51,520 - root - INFO - Command 'greet' from plugin 'greet' registered.
2024-10-25 17:53:51,521 - root - INFO - Menu command registered.
2024-10-25 17:53:51,521 - root - INFO - Displaying main menu.
2024-10-25 17:53:51,521 - root - INFO - Application started. Type 'exit' to exit.
2024-10-25 17:53:51,521 - root - ERROR - Non-numeric input received.
2024-10-25 17:53:51,521 - root - INFO - Exiting application.
2024-10-25 17:53:51,522 - root - INFO - Application shutdown.
2024-10-25 17:53:51,525 - root - INFO - Calculator operations initialized with 2 operations.
2024-10-25 17:53:51,527 - root - INFO - Exiting calculator menu.
2024-10-25 17:53:51,532 - root - INFO - Registered operation: add as Add with index 1
2024-10-25 17:53:51,533 - root - INFO - Registered operation: divide as Divide with index 2
2024-10-25 17:53:51,534 - root - INFO - Registered operation: history_commands as ClearHistory with index 3
2024-10-25 17:53:51,535 - root - INFO - Registered operation: history_commands as DeleteSpecificRecord with index 4
2024-10-25 17:53:51,536 - root - INFO - Registered operation: history_commands as ShowHistory with index 5
2024-10-25 17:53:51,537 - root - INFO - Registered operation: multiply as Multiply with index 6
2024-10-25 17:53:51,538 - root - INFO - Registered operation: subtract as Subtract with index 7
2024-10-25 17:53:51,539 - root - INFO - Loaded operations: ['1', '2', '3', '4', '5', '6', '7']
2024-10-25 17:53:51,540 - root - INFO - Calculator operations initialized with 7 operations.
2024-10-25 17:53:51,541 - root - INFO - Executing operation: Add
2024-10-25 17:53:51,542 - root - INFO - Adding 2.0 and 3.0: Result = 5.0
2024-10-25 17:53:51,547 - root - INFO - Exiting calculator menu.
2024-10-25 17:53:51,553 - root - INFO - User selected to exit the program.
2024-10-25 17:53:51,554 - root - INFO - User selected command: help
2024-10-25 17:53:51,559 - root - WARNING - Invalid selection: 999 is out of range.
2024-10-25 17:53:51,566 - root - INFO - Hello, World!
2024-10-25 17:54:07,158 - root - INFO - Logging configured.
2024-10-25 17:54:07,159 - root - INFO - Environment variables loaded.
2024-10-25 17:54:07,161 - root - INFO - Registered operation: add as Add with index 1
2024-10-25 17:54:07,161 - root - INFO - Registered operation: divide as Divide with index 2
2024-10-25 17:54:07,161 - root - INFO - Registered operation: history_commands as ClearHistory with index 3
2024-10-25 17:54:07,161 - root - INFO - Registered operation: history_commands as DeleteSpecificRecord with index 4
2024-10-25 17:54:07,161 - root - INFO - Registered operation: history_commands as ShowHistory with index 5
2024-10-25 17:54:07,162 - root - INFO - Registered operation: multiply as Multiply with index 6
2024-10-25 17:54:07,162 - root - INFO - Registered operation: subtract as Subtract with index 7
2024-10-25 17:54:07,162 - root - INFO - Loaded operations: ['1', '2', '3', '4', '5', '6', '7']
2024-10-25 17:54:07,162 - root - INFO - Calculator operations initialized with 7 operations.
2024-10-25 17:54:07,162 - root - INFO - Command 'calculator' from plugin 'calculator' registered.
2024-10-25 17:54:07,163 - root - INFO - Command 'exit' from plugin 'exit' registered.
2024-10-25 17:54:07,163 - root - INFO - Command 'greet' from plugin 'greet' registered.
2024-10-25 17:54:07,163 - root - INFO - Menu command registered.
2024-10-25 17:54:07,163 - root - INFO - Displaying main menu.
2024-10-25 17:54:07,163 - root - INFO - Application started. Type 'exit' to exit.
2024-10-25 17:54:07,164 - root - ERROR - Non-numeric input received.
2024-10-25 17:54:07,164 - root - INFO - Exiting application.
2024-10-25 17:54:07,164 - root - INFO - Application shutdown.
2024-10-25 17:54:07,169 - root - INFO - Logging configured.
2024-10-25 17:54:07,170 - root - INFO - Environment variables loaded.
2024-10-25 17:54:07,171 - root - INFO - Registered operation: add as Add with index 1
2024-10-25 17:54:07,171 - root - INFO - Registered operation: divide as Divide with index 2
2024-10-25 17:54:07,171 - root - INFO - Registered operation: history_commands as ClearHistory with index 3
2024-10-25 17:54:07,171 - root - INFO - Registered operation: history_commands as DeleteSpecificRecord with index 4
2024-10-25 17:54:07,171 - root - INFO - Registered operation: history_commands as ShowHistory with index 5
2024-10-25 17:54:07,172 - root - INFO - Registered operation: multiply as Multiply with index 6
2024-10-25 17:54:07,172 - root - INFO - Registered operation: subtract as Subtract with index 7
2024-10-25 17:54:07,172 - root - INFO - Loaded operations: ['1', '2', '3', '4', '5', '6', '7']
2024-10-25 17:54:07,172 - root - INFO - Calculator operations initialized with 7 operations.
2024-10-25 17:54:07,172 - root - INFO - Command 'calculator' from plugin 'calculator' registered.
2024-10-25 17:54:07,173 - root - INFO - Command 'exit' from plugin 'exit' registered.
2024-10-25 17:54:07,173 - root - INFO - Command 'greet' from plugin 'greet' registered.
2024-10-25 17:54:07,173 - root - INFO - Menu command registered.
2024-10-25 17:54:07,173 - root - INFO - Displaying main menu.
2024-10-25 17:54:07,173 - root - INFO - Application started. Type 'exit' to exit.
2024-10-25 17:54:07,173 - root - INFO - Exiting application.
2024-10-25 17:54:07,174 - root - INFO - Application shutdown.
2024-10-25 17:54:07,178 - root - INFO - Logging configured.
2024-10-25 17:54:07,179 - root - INFO - Environment variables loaded.
2024-10-25 17:54:07,184 - root - INFO - Logging configured.
2024-10-25 17:54:07,184 - root - INFO - Environment variables loaded.
2024-10-25 17:54:07,185 - root - INFO - Registered operation: add as Add with index 1
2024-10-25 17:54:07,185 - root - INFO - Registered operation: divide as Divide with index 2
2024-10-25 17:54:07,185 - root - INFO - Registered operation: history_commands as ClearHistory with index 3
2024-10-25 17:54:07,186 - root - INFO - Registered operation: history_commands as DeleteSpecificRecord with index 4
2024-10-25 17:54:07,186 - root - INFO - Registered operation: history_commands as ShowHistory with index 5
2024-10-25 17:54:07,186 - root - INFO - Registered operation: multiply as Multiply with index 6
2024-10-25 17:54:07,186 - root - INFO - Registered operation: subtract as Subtract with index 7
2024-10-25 17:54:07,186 - root - INFO - Loaded operations: ['1', '2', '3', '4', '5', '6', '7']
2024-10-25 17:54:07,186 - root - INFO - Calculator operations initialized with 7 operations.
2024-10-25 17:54:07,187 - root - INFO - Command 'calculator' from plugin 'calculator' registered.
2024-10-25 17:54:07,187 - root - INFO - Command 'exit' from plugin 'exit' registered.
2024-10-25 17:54:07,187 - root - INFO - Command 'greet' from plugin 'greet' registered.
2024-10-25 17:54:07,187 - root - INFO - Menu command registered.
2024-10-25 17:54:07,188 - root - INFO - Displaying main menu.
2024-10-25 17:54:07,188 - root - INFO - Application started. Type 'exit' to exit.
2024-10-25 17:54:07,188 - root - INFO - Hello, World!
2024-10-25 17:54:07,188 - root - INFO - Executed command: greet
2024-10-25 17:54:07,188 - root - INFO - Displaying main menu.
2024-10-25 17:54:07,189 - root - INFO - Exiting application.
2024-10-25 17:54:07,189 - root - INFO - Application shutdown.
2024-10-25 17:54:07,194 - root - INFO - Adding 5.0 and 3.0: Result = 8.0
2024-10-25 17:54:07,229 - root - INFO - Dividing 6.0 by 3.0: Result = 2.0
2024-10-25 17:54:07,238 - root - INFO - Multiplying 5.0 and 3.0: Result = 15.0
2024-10-25 17:54:07,248 - root - INFO - Subtracting 3.0 from 5.0: Result = 2.0
2024-10-25 17:54:07,262 - root - INFO - Logging configured.
2024-10-25 17:54:07,263 - root - INFO - Environment variables loaded.
2024-10-25 17:54:07,265 - root - INFO - Registered operation: add as Add with index 1
2024-10-25 17:54:07,265 - root - INFO - Registered operation: divide as Divide with index 2
2024-10-25 17:54:07,265 - root - INFO - Registered operation: history_commands as ClearHistory with index 3
2024-10-25 17:54:07,265 - root - INFO - Registered operation: history_commands as DeleteSpecificRecord with index 4
2024-10-25 17:54:07,265 - root - INFO - Registered operation: history_commands as ShowHistory with index 5
2024-10-25 17:54:07,266 - root - INFO - Registered operation: multiply as Multiply with index 6
2024-10-25 17:54:07,266 - root - INFO - Registered operation: subtract as Subtract with index 7
2024-10-25 17:54:07,266 - root - INFO - Loaded operations: ['1', '2', '3', '4', '5', '6', '7']
2024-10-25 17:54:07,266 - root - INFO - Calculator operations initialized with 7 operations.
2024-10-25 17:54:07,267 - root - INFO - Command 'calculator' from plugin 'calculator' registered.
2024-10-25 17:54:07,267 - root - INFO - Command 'exit' from plugin 'exit' registered.
2024-10-25 17:54:07,267 - root - INFO - Command 'greet' from plugin 'greet' registered.
2024-10-25 17:54:07,268 - root - INFO - Menu command registered.
2024-10-25 17:54:07,268 - root - INFO - Displaying main menu.
2024-10-25 17:54:07,268 - root - INFO - Application started. Type 'exit' to exit.
2024-10-25 17:54:07,268 - root - INFO - Hello, World!
2024-10-25 17:54:07,268 - root - INFO - Executed command: greet
2024-10-25 17:54:07,269 - root - INFO - Displaying main menu.
2024-10-25 17:54:07,269 - root - INFO - Exiting application.
2024-10-25 17:54:07,269 - root - INFO - Application shutdown.
2024-10-25 17:54:07,276 - root - INFO - Logging configured.
2024-10-25 17:54:07,277 - root - INFO - Environment variables loaded.
2024-10-25 17:54:07,278 - root - INFO - Registered operation: add as Add with index 1
2024-10-25 17:54:07,278 - root - INFO - Registered operation: divide as Divide with index 2
2024-10-25 17:54:07,278 - root - INFO - Registered operation: history_commands as ClearHistory with index 3
2024-10-25 17:54:07,278 - root - INFO - Registered operation: history_commands as DeleteSpecificRecord with index 4
2024-10-25 17:54:07,278 - root - INFO - Registered operation: history_commands as ShowHistory with index 5
2024-10-25 17:54:07,279 - root - INFO - Registered operation: multiply as Multiply with index 6
2024-10-25 17:54:07,279 - root - INFO - Registered operation: subtract as Subtract with index 7
2024-10-25 17:54:07,279 - root - INFO - Loaded operations: ['1', '2', '3', '4', '5', '6', '7']
2024-10-25 17:54:07,279 - root - INFO - Calculator operations initialized with 7 operations.
2024-10-25 17:54:07,279 - root - INFO - Command 'calculator' from plugin 'calculator' registered.
2024-10-25 17:54:07,279 - root - INFO - Command 'exit' from plugin 'exit' registered.
2024-10-25 17:54:07,280 - root - INFO - Command 'greet' from plugin 'greet' registered.
2024-10-25 17:54:07,280 - root - INFO - Menu command registered.
2024-10-25 17:54:07,280 - root - INFO - Displaying main menu.
2024-10-25 17:54:07,280 - root - INFO - Application started. Type 'exit' to exit.
2024-10-25 17:54:07,280 - root - ERROR - Non-numeric input received.
2024-10-25 17:54:07,281 - root - INFO - Exiting application.
2024-10-25 17:54:07,281 - root - INFO - Application shutdown.
2024-10-25 17:54:07,286 - root - INFO - Calculator operations initialized with 2 operations.
2024-10-25 17:54:07,290 - root - INFO - Exiting calculator menu.
2024-10-25 17:54:07,296 - root - INFO - Registered operation: add as Add with index 1
2024-10-25 17:54:07,297 - root - INFO - Registered operation: divide as Divide with index 2
2024-10-25 17:54:07,299 - root - INFO - Registered operation: history_commands as ClearHistory with index 3
2024-10-25 17:54:07,301 - root - INFO - Registered operation: history_commands as DeleteSpecificRecord with index 4
2024-10-25 17:54:07,302 - root - INFO - Registered operation: history_commands as ShowHistory with index 5
2024-10-25 17:54:07,303 - root - INFO - Registered operation: multiply as Multiply with index 6
2024-10-25 17:54:07,305 - root - INFO - Registered operation: subtract as Subtract with index 7
2024-10-25 17:54:07,306 - root - INFO - Loaded operations: ['1', '2', '3', '4', '5', '6', '7']
2024-10-25 17:54:07,308 - root - INFO - Calculator operations initialized with 7 operations.
2024-10-25 17:54:07,309 - root - INFO - Executing operation: Add
2024-10-25 17:54:07,311 - root - INFO - Adding 2.0 and 3.0: Result = 5.0
2024-10-25 17:54:07,317 - root - INFO - Exiting calculator menu.
2024-10-25 17:54:07,322 - root - INFO - User selected to exit the program.
2024-10-25 17:54:07,324 - root - INFO - User selected command: help
2024-10-25 17:54:07,331 - root - WARNING - Invalid selection: 999 is out of range.
2024-10-25 17:54:07,340 - root - INFO - Hello, World!
